/*C1*/SET SCHEMA SYSTEM_LOBS
INSERT INTO BLOCKS VALUES(0,2147483647,0)
COMMIT
/*C2*/SET SCHEMA PUBLIC
create table EVENTS (EVENT_ID bigint generated by default as identity (start with 1), EVENT_DATE timestamp, title varchar(255), primary key (EVENT_ID))
INSERT INTO EVENTS VALUES(1,'2015-07-06 20:19:27.110000','My Event')
COMMIT
DISCONNECT
/*C3*/SET SCHEMA PUBLIC
INSERT INTO EVENTS VALUES(2,'2015-07-06 20:22:13.667000','My Event')
COMMIT
DISCONNECT
/*C4*/SET SCHEMA PUBLIC
DISCONNECT
/*C5*/SET SCHEMA PUBLIC
DISCONNECT
/*C6*/SET SCHEMA PUBLIC
create table PERSON (PERSON_ID bigint generated by default as identity (start with 1), age integer, firstname varchar(255), lastname varchar(255), primary key (PERSON_ID))
create table PERSON_EVENT (PERSON_ID bigint not null, EVENT_ID bigint not null, primary key (PERSON_ID, EVENT_ID))
alter table PERSON_EVENT add constraint FK_7bh2i9xjn8v93x5ku5w61npwf foreign key (EVENT_ID) references EVENTS
alter table PERSON_EVENT add constraint FK_8xsbl2jbyqaf5ocifr7hcjt2x foreign key (PERSON_ID) references PERSON
INSERT INTO EVENTS VALUES(3,'2015-07-06 21:57:44.968000','My Event')
COMMIT
INSERT INTO PERSON VALUES(1,0,'Foo','Bar')
COMMIT
INSERT INTO PERSON_EVENT VALUES(1,3)
COMMIT
DISCONNECT
/*C7*/SET SCHEMA PUBLIC
INSERT INTO EVENTS VALUES(4,'2015-07-06 21:59:05.529000','My Event')
COMMIT
INSERT INTO PERSON VALUES(2,0,'Foo','Bar')
COMMIT
INSERT INTO PERSON_EVENT VALUES(2,4)
COMMIT
DISCONNECT
/*C8*/SET SCHEMA PUBLIC
INSERT INTO EVENTS VALUES(5,'2010-01-30 00:00:00.000000','oioioi')
COMMIT
